2023-07-11 00:28:18.345 +03:00  INF  Request starting HTTP/2 POST https://localhost:7270/api/Product multipart/form-data;+boundary=----WebKitFormBoundaryNn8Ie6xEVhxLn1iK 331
2023-07-11 00:28:18.353 +03:00  INF  Executing endpoint 'Sender.WebAPI.Controllers.ProductController.GetTsoftProducts (Sender.WebAPI)'
2023-07-11 00:28:18.353 +03:00  INF  Route matched with {action = "GetTsoftProducts", controller = "Product"}. Executing controller action with signature System.Collections.Generic.IAsyncEnumerable`1[System.Object] GetTsoftProducts(Sender.Core.Models.ApiModels.SiteUser) on controller Sender.WebAPI.Controllers.ProductController (Sender.WebAPI).
2023-07-11 00:28:23.353 +03:00  INF  Executing ObjectResult, writing value of type 'Sender.WebAPI.Controllers.ProductController+<GetTsoftProducts>d__3'.
2023-07-11 00:28:57.293 +03:00  INF  Executed action Sender.WebAPI.Controllers.ProductController.GetTsoftProducts (Sender.WebAPI) in 38939.4956ms
2023-07-11 00:28:57.293 +03:00  INF  Executed endpoint 'Sender.WebAPI.Controllers.ProductController.GetTsoftProducts (Sender.WebAPI)'
2023-07-11 00:28:57.294 +03:00  ERR  An unhandled exception has occurred while executing the request.System.InvalidOperationException: An invalid request URI was provided. Either the request URI must be an absolute URI or BaseAddress must be set.
   at System.Net.Http.HttpClient.PrepareRequestMessage(HttpRequestMessage request)
   at System.Net.Http.HttpClient.SendAsync(HttpRequestMessage request, HttpCompletionOption completionOption, CancellationToken cancellationToken)
   at Sender.Infrastructure.Services.Tsoft.TsoftClient.GetToken(SiteUser user)
   at Sender.Infrastructure.Services.Tsoft.TsoftClient.GetProductTotal(SiteUser user)
   at Sender.WebAPI.Controllers.ProductController.GetTsoftProducts(SiteUser siteUser)+MoveNext() in C:\Users\talha\OneDrive\Desktop\VisualStudio\Web\Sender\src\Presentation\Sender.WebAPI\Controllers\ProductController.cs:line 31
   at Sender.WebAPI.Controllers.ProductController.GetTsoftProducts(SiteUser siteUser)+System.Threading.Tasks.Sources.IValueTaskSource<System.Boolean>.GetResult()
   at System.Text.Json.Serialization.Converters.IAsyncEnumerableOfTConverter`2.OnWriteResume(Utf8JsonWriter writer, TAsyncEnumerable value, JsonSerializerOptions options, WriteStack& state)
   at System.Text.Json.Serialization.JsonCollectionConverter`2.OnTryWrite(Utf8JsonWriter writer, TCollection value, JsonSerializerOptions options, WriteStack& state)
   at System.Text.Json.Serialization.JsonConverter`1.TryWrite(Utf8JsonWriter writer, T& value, JsonSerializerOptions options, WriteStack& state)
   at System.Text.Json.Serialization.JsonConverter`1.WriteCore(Utf8JsonWriter writer, T& value, JsonSerializerOptions options, WriteStack& state)
   at System.Text.Json.Serialization.JsonConverter`1.WriteCoreAsObject(Utf8JsonWriter writer, Object value, JsonSerializerOptions options, WriteStack& state)
   at System.Text.Json.JsonSerializer.WriteCore[TValue](Utf8JsonWriter writer, TValue& value, JsonTypeInfo jsonTypeInfo, WriteStack& state)
   at System.Text.Json.JsonSerializer.WriteStreamAsync[TValue](Stream utf8Json, TValue value, JsonTypeInfo jsonTypeInfo, CancellationToken cancellationToken)
   at System.Text.Json.JsonSerializer.WriteStreamAsync[TValue](Stream utf8Json, TValue value, JsonTypeInfo jsonTypeInfo, CancellationToken cancellationToken)
   at System.Text.Json.JsonSerializer.WriteStreamAsync[TValue](Stream utf8Json, TValue value, JsonTypeInfo jsonTypeInfo, CancellationToken cancellationToken)
   at Microsoft.AspNetCore.Mvc.Formatters.SystemTextJsonOutputFormatter.WriteResponseBodyAsync(OutputFormatterWriteContext context, Encoding selectedEncoding)
   at Microsoft.AspNetCore.Mvc.Infrastructure.ResourceInvoker.<InvokeNextResultFilterAsync>g__Awaited|30_0[TFilter,TFilterAsync](ResourceInvoker invoker, Task lastTask, State next, Scope scope, Object state, Boolean isCompleted)
   at Microsoft.AspNetCore.Mvc.Infrastructure.ResourceInvoker.Rethrow(ResultExecutedContextSealed context)
   at Microsoft.AspNetCore.Mvc.Infrastructure.ResourceInvoker.ResultNext[TFilter,TFilterAsync](State& next, Scope& scope, Object& state, Boolean& isCompleted)
   at Microsoft.AspNetCore.Mvc.Infrastructure.ResourceInvoker.InvokeResultFilters()
--- End of stack trace from previous location ---
   at Microsoft.AspNetCore.Mvc.Infrastructure.ResourceInvoker.<InvokeFilterPipelineAsync>g__Awaited|20_0(ResourceInvoker invoker, Task lastTask, State next, Scope scope, Object state, Boolean isCompleted)
   at Microsoft.AspNetCore.Mvc.Infrastructure.ResourceInvoker.<InvokeAsync>g__Logged|17_1(ResourceInvoker invoker)
   at Microsoft.AspNetCore.Mvc.Infrastructure.ResourceInvoker.<InvokeAsync>g__Logged|17_1(ResourceInvoker invoker)
   at Microsoft.AspNetCore.Routing.EndpointMiddleware.<Invoke>g__AwaitRequestTask|6_0(Endpoint endpoint, Task requestTask, ILogger logger)
   at Microsoft.AspNetCore.Authorization.AuthorizationMiddleware.Invoke(HttpContext context)
   at Swashbuckle.AspNetCore.SwaggerUI.SwaggerUIMiddleware.Invoke(HttpContext httpContext)
   at Swashbuckle.AspNetCore.Swagger.SwaggerMiddleware.Invoke(HttpContext httpContext, ISwaggerProvider swaggerProvider)
   at Microsoft.AspNetCore.Authentication.AuthenticationMiddleware.Invoke(HttpContext context)
   at Microsoft.AspNetCore.Diagnostics.DeveloperExceptionPageMiddlewareImpl.Invoke(HttpContext context)

2023-07-11 00:28:57.296 +03:00  INF  Request finished HTTP/2 POST https://localhost:7270/api/Product multipart/form-data;+boundary=----WebKitFormBoundaryNn8Ie6xEVhxLn1iK 331 - 500 - text/plain;+charset=utf-8 38952.0087ms
2023-07-11 00:52:48.293 +03:00  INF  Now listening on: https://localhost:7270
2023-07-11 00:52:48.316 +03:00  INF  Now listening on: http://localhost:5027
2023-07-11 00:52:48.318 +03:00  INF  Application started. Press Ctrl+C to shut down.
2023-07-11 00:52:48.319 +03:00  INF  Hosting environment: Development
2023-07-11 00:52:48.319 +03:00  INF  Content root path: C:\Users\talha\OneDrive\Desktop\VisualStudio\Web\Sender\src\Presentation\Sender.WebAPI
2023-07-11 00:52:49.082 +03:00  INF  Request starting HTTP/2 GET https://localhost:7270/swagger/index.html - -
2023-07-11 00:52:49.295 +03:00  INF  Request starting HTTP/2 GET https://localhost:7270/_framework/aspnetcore-browser-refresh.js - -
2023-07-11 00:52:49.296 +03:00  INF  Request finished HTTP/2 GET https://localhost:7270/swagger/index.html - - - 200 - text/html;charset=utf-8 214.8028ms
2023-07-11 00:52:49.297 +03:00  INF  Request starting HTTP/2 GET https://localhost:7270/_vs/browserLink - -
2023-07-11 00:52:49.313 +03:00  INF  Request finished HTTP/2 GET https://localhost:7270/_framework/aspnetcore-browser-refresh.js - - - 200 11996 application/javascript;+charset=utf-8 18.2232ms
2023-07-11 00:52:49.347 +03:00  INF  Request finished HTTP/2 GET https://localhost:7270/_vs/browserLink - - - 200 - text/javascript;+charset=UTF-8 50.3018ms
2023-07-11 00:52:49.490 +03:00  INF  Request starting HTTP/2 GET https://localhost:7270/swagger/v1/swagger.json - -
2023-07-11 00:52:49.582 +03:00  INF  Request finished HTTP/2 GET https://localhost:7270/swagger/v1/swagger.json - - - 200 - application/json;charset=utf-8 92.7072ms
2023-07-11 00:52:56.636 +03:00  INF  Request starting HTTP/2 POST https://localhost:7270/api/Product multipart/form-data;+boundary=----WebKitFormBoundarybiNFMbq5P1lcxEOl 331
2023-07-11 00:52:56.643 +03:00  INF  Executing endpoint 'Sender.WebAPI.Controllers.ProductController.GetTsoftProducts (Sender.WebAPI)'
2023-07-11 00:52:56.662 +03:00  INF  Route matched with {action = "GetTsoftProducts", controller = "Product"}. Executing controller action with signature System.Collections.Generic.IAsyncEnumerable`1[System.Object] GetTsoftProducts(Sender.Core.Models.ApiModels.SiteUser) on controller Sender.WebAPI.Controllers.ProductController (Sender.WebAPI).
2023-07-11 00:53:21.735 +03:00  ERR  An unhandled exception occurred.System.ArgumentException: a has fault
   at Sender.Infrastructure.Services.ActionFilter.CustomActionFilter.OnActionExecuting(ActionExecutingContext context) in C:\Users\talha\OneDrive\Desktop\VisualStudio\Web\Sender\src\Libraries\Sender.Infrastructure\Services\ActionFilter\CustomActionFilter.cs:line 39
   at Microsoft.AspNetCore.Mvc.Infrastructure.ControllerActionInvoker.Next(State& next, Scope& scope, Object& state, Boolean& isCompleted)
   at Microsoft.AspNetCore.Mvc.Infrastructure.ControllerActionInvoker.InvokeNextActionFilterAsync()
--- End of stack trace from previous location ---
   at Microsoft.AspNetCore.Mvc.Infrastructure.ControllerActionInvoker.Rethrow(ActionExecutedContextSealed context)
   at Microsoft.AspNetCore.Mvc.Infrastructure.ControllerActionInvoker.Next(State& next, Scope& scope, Object& state, Boolean& isCompleted)
   at Microsoft.AspNetCore.Mvc.Infrastructure.ControllerActionInvoker.InvokeInnerFilterAsync()
--- End of stack trace from previous location ---
   at Microsoft.AspNetCore.Mvc.Infrastructure.ResourceInvoker.<InvokeNextExceptionFilterAsync>g__Awaited|26_0(ResourceInvoker invoker, Task lastTask, State next, Scope scope, Object state, Boolean isCompleted)

2023-07-11 00:53:58.626 +03:00  INF  Now listening on: https://localhost:7270
2023-07-11 00:53:58.651 +03:00  INF  Now listening on: http://localhost:5027
2023-07-11 00:53:58.653 +03:00  INF  Application started. Press Ctrl+C to shut down.
2023-07-11 00:53:58.653 +03:00  INF  Hosting environment: Development
2023-07-11 00:53:58.653 +03:00  INF  Content root path: C:\Users\talha\OneDrive\Desktop\VisualStudio\Web\Sender\src\Presentation\Sender.WebAPI
2023-07-11 00:53:59.261 +03:00  INF  Request starting HTTP/2 GET https://localhost:7270/swagger/index.html - -
2023-07-11 00:53:59.618 +03:00  INF  Request starting HTTP/2 GET https://localhost:7270/_vs/browserLink - -
2023-07-11 00:53:59.618 +03:00  INF  Request starting HTTP/2 GET https://localhost:7270/_framework/aspnetcore-browser-refresh.js - -
2023-07-11 00:53:59.620 +03:00  INF  Request finished HTTP/2 GET https://localhost:7270/swagger/index.html - - - 200 - text/html;charset=utf-8 355.8320ms
2023-07-11 00:53:59.654 +03:00  INF  Request finished HTTP/2 GET https://localhost:7270/_framework/aspnetcore-browser-refresh.js - - - 200 11996 application/javascript;+charset=utf-8 35.2573ms
2023-07-11 00:53:59.693 +03:00  INF  Request finished HTTP/2 GET https://localhost:7270/_vs/browserLink - - - 200 - text/javascript;+charset=UTF-8 74.8534ms
2023-07-11 00:53:59.858 +03:00  INF  Request starting HTTP/2 GET https://localhost:7270/swagger/v1/swagger.json - -
2023-07-11 00:53:59.965 +03:00  INF  Request finished HTTP/2 GET https://localhost:7270/swagger/v1/swagger.json - - - 200 - application/json;charset=utf-8 106.8729ms
2023-07-11 00:54:38.133 +03:00  INF  Request starting HTTP/2 POST https://localhost:7270/api/Product multipart/form-data;+boundary=----WebKitFormBoundaryWRUgtZYxoKe0VRTA 378
2023-07-11 00:54:38.142 +03:00  INF  Executing endpoint 'Sender.WebAPI.Controllers.ProductController.GetTsoftProducts (Sender.WebAPI)'
2023-07-11 00:54:38.163 +03:00  INF  Route matched with {action = "GetTsoftProducts", controller = "Product"}. Executing controller action with signature System.Collections.Generic.IAsyncEnumerable`1[System.Object] GetTsoftProducts(Sender.Core.Models.ApiModels.SiteUser) on controller Sender.WebAPI.Controllers.ProductController (Sender.WebAPI).
2023-07-11 00:57:44.133 +03:00  INF  Now listening on: https://localhost:7270
2023-07-11 00:57:44.153 +03:00  INF  Now listening on: http://localhost:5027
2023-07-11 00:57:44.156 +03:00  INF  Application started. Press Ctrl+C to shut down.
2023-07-11 00:57:44.156 +03:00  INF  Hosting environment: Development
2023-07-11 00:57:44.156 +03:00  INF  Content root path: C:\Users\talha\OneDrive\Desktop\VisualStudio\Web\Sender\src\Presentation\Sender.WebAPI
2023-07-11 00:57:44.594 +03:00  INF  Request starting HTTP/2 GET https://localhost:7270/swagger/index.html - -
2023-07-11 00:57:44.810 +03:00  INF  Request finished HTTP/2 GET https://localhost:7270/swagger/index.html - - - 200 - text/html;charset=utf-8 219.7515ms
2023-07-11 00:57:44.811 +03:00  INF  Request starting HTTP/2 GET https://localhost:7270/_framework/aspnetcore-browser-refresh.js - -
2023-07-11 00:57:44.811 +03:00  INF  Request starting HTTP/2 GET https://localhost:7270/_vs/browserLink - -
2023-07-11 00:57:44.833 +03:00  INF  Request finished HTTP/2 GET https://localhost:7270/_framework/aspnetcore-browser-refresh.js - - - 200 11996 application/javascript;+charset=utf-8 21.9511ms
2023-07-11 00:57:44.860 +03:00  INF  Request finished HTTP/2 GET https://localhost:7270/_vs/browserLink - - - 200 - text/javascript;+charset=UTF-8 48.4958ms
2023-07-11 00:57:44.994 +03:00  INF  Request starting HTTP/2 GET https://localhost:7270/swagger/v1/swagger.json - -
2023-07-11 00:57:45.100 +03:00  INF  Request finished HTTP/2 GET https://localhost:7270/swagger/v1/swagger.json - - - 200 - application/json;charset=utf-8 106.4402ms
2023-07-11 00:58:06.817 +03:00  INF  Request starting HTTP/2 POST https://localhost:7270/api/Product multipart/form-data;+boundary=----WebKitFormBoundarybrsRJdnhLbapI4l1 378
2023-07-11 00:58:06.828 +03:00  INF  Executing endpoint 'Sender.WebAPI.Controllers.ProductController.GetTsoftProducts (Sender.WebAPI)'
2023-07-11 00:58:06.843 +03:00  INF  Route matched with {action = "GetTsoftProducts", controller = "Product"}. Executing controller action with signature System.Collections.Generic.IAsyncEnumerable`1[System.Object] GetTsoftProducts(Sender.Core.Models.ApiModels.SiteUser) on controller Sender.WebAPI.Controllers.ProductController (Sender.WebAPI).
2023-07-11 00:58:19.165 +03:00  INF  Executing ObjectResult, writing value of type 'Sender.WebAPI.Controllers.ProductController+<GetTsoftProducts>d__3'.
2023-07-11 00:58:23.709 +03:00  INF  Start processing HTTP request POST https://arge-talhabuyukkose.1isim.com/rest1/auth/login/talha
2023-07-11 00:58:23.710 +03:00  INF  Sending HTTP request POST https://arge-talhabuyukkose.1isim.com/rest1/auth/login/talha
2023-07-11 00:58:24.071 +03:00  INF  Received HTTP response headers after 359.4811ms - 200
2023-07-11 00:58:24.073 +03:00  INF  End processing HTTP request after 365.0781ms - 200
2023-07-11 00:58:24.090 +03:00  INF  Token received from https://arge-talhabuyukkose.1isim.com
2023-07-11 00:58:24.090 +03:00  INF  Start processing HTTP request POST https://arge-talhabuyukkose.1isim.com/rest1/product/getProductTotal
2023-07-11 00:58:24.090 +03:00  INF  Sending HTTP request POST https://arge-talhabuyukkose.1isim.com/rest1/product/getProductTotal
2023-07-11 00:58:24.222 +03:00  INF  Received HTTP response headers after 132.3344ms - 200
2023-07-11 00:58:24.222 +03:00  INF  End processing HTTP request after 132.5427ms - 200
2023-07-11 00:58:24.232 +03:00  INF  Token received from MemoryCacheService
2023-07-11 00:58:24.232 +03:00  INF  Start processing HTTP request POST https://arge-talhabuyukkose.1isim.com/rest1/product/getProducts
2023-07-11 00:58:24.232 +03:00  INF  Sending HTTP request POST https://arge-talhabuyukkose.1isim.com/rest1/product/getProducts
2023-07-11 00:58:24.581 +03:00  INF  Received HTTP response headers after 348.346ms - 200
2023-07-11 00:58:24.581 +03:00  INF  End processing HTTP request after 348.6081ms - 200
2023-07-11 00:58:24.902 +03:00  INF  Executed action Sender.WebAPI.Controllers.ProductController.GetTsoftProducts (Sender.WebAPI) in 18055.1486ms
2023-07-11 00:58:24.902 +03:00  INF  Executed endpoint 'Sender.WebAPI.Controllers.ProductController.GetTsoftProducts (Sender.WebAPI)'
2023-07-11 00:58:24.903 +03:00  INF  Request finished HTTP/2 POST https://localhost:7270/api/Product multipart/form-data;+boundary=----WebKitFormBoundarybrsRJdnhLbapI4l1 378 - 200 - application/json;+charset=utf-8 18086.7819ms
2023-07-11 00:59:02.240 +03:00  INF  Request starting HTTP/2 POST https://localhost:7270/api/Product multipart/form-data;+boundary=----WebKitFormBoundary6zuc3NgtLEmJ6XJm 377
2023-07-11 00:59:02.245 +03:00  INF  Executing endpoint 'Sender.WebAPI.Controllers.ProductController.GetTsoftProducts (Sender.WebAPI)'
2023-07-11 00:59:02.246 +03:00  INF  Route matched with {action = "GetTsoftProducts", controller = "Product"}. Executing controller action with signature System.Collections.Generic.IAsyncEnumerable`1[System.Object] GetTsoftProducts(Sender.Core.Models.ApiModels.SiteUser) on controller Sender.WebAPI.Controllers.ProductController (Sender.WebAPI).
2023-07-11 00:59:12.535 +03:00  ERR  An unhandled exception occurred.System.ArgumentException: ttps://arge-talhabuyukkose.1isim.com has fault
   at Sender.Infrastructure.Services.ActionFilter.CustomActionFilter.OnActionExecuting(ActionExecutingContext context) in C:\Users\talha\OneDrive\Desktop\VisualStudio\Web\Sender\src\Libraries\Sender.Infrastructure\Services\ActionFilter\CustomActionFilter.cs:line 41
   at Microsoft.AspNetCore.Mvc.Infrastructure.ControllerActionInvoker.Next(State& next, Scope& scope, Object& state, Boolean& isCompleted)
   at Microsoft.AspNetCore.Mvc.Infrastructure.ControllerActionInvoker.InvokeNextActionFilterAsync()
--- End of stack trace from previous location ---
   at Microsoft.AspNetCore.Mvc.Infrastructure.ControllerActionInvoker.Rethrow(ActionExecutedContextSealed context)
   at Microsoft.AspNetCore.Mvc.Infrastructure.ControllerActionInvoker.Next(State& next, Scope& scope, Object& state, Boolean& isCompleted)
   at Microsoft.AspNetCore.Mvc.Infrastructure.ControllerActionInvoker.InvokeInnerFilterAsync()
--- End of stack trace from previous location ---
   at Microsoft.AspNetCore.Mvc.Infrastructure.ResourceInvoker.<InvokeNextExceptionFilterAsync>g__Awaited|26_0(ResourceInvoker invoker, Task lastTask, State next, Scope scope, Object state, Boolean isCompleted)

2023-07-11 00:59:12.554 +03:00  INF  Executing ObjectResult, writing value of type 'null'.
2023-07-11 00:59:12.554 +03:00  INF  Executed action Sender.WebAPI.Controllers.ProductController.GetTsoftProducts (Sender.WebAPI) in 10308.3087ms
2023-07-11 00:59:12.554 +03:00  INF  Executed endpoint 'Sender.WebAPI.Controllers.ProductController.GetTsoftProducts (Sender.WebAPI)'
2023-07-11 00:59:12.554 +03:00  INF  Request finished HTTP/2 POST https://localhost:7270/api/Product multipart/form-data;+boundary=----WebKitFormBoundary6zuc3NgtLEmJ6XJm 377 - 500 0 - 10314.2236ms
2023-07-11 01:06:28.277 +03:00  INF  Now listening on: https://localhost:7270
2023-07-11 01:06:28.299 +03:00  INF  Now listening on: http://localhost:5027
2023-07-11 01:06:28.300 +03:00  INF  Application started. Press Ctrl+C to shut down.
2023-07-11 01:06:28.301 +03:00  INF  Hosting environment: Development
2023-07-11 01:06:28.301 +03:00  INF  Content root path: C:\Users\talha\OneDrive\Desktop\VisualStudio\Web\Sender\src\Presentation\Sender.WebAPI
2023-07-11 01:06:29.113 +03:00  INF  Request starting HTTP/2 GET https://localhost:7270/swagger/index.html - -
2023-07-11 01:06:29.346 +03:00  INF  Request finished HTTP/2 GET https://localhost:7270/swagger/index.html - - - 200 - text/html;charset=utf-8 233.7497ms
2023-07-11 01:06:29.346 +03:00  INF  Request starting HTTP/2 GET https://localhost:7270/_framework/aspnetcore-browser-refresh.js - -
2023-07-11 01:06:29.346 +03:00  INF  Request starting HTTP/2 GET https://localhost:7270/_vs/browserLink - -
2023-07-11 01:06:29.383 +03:00  INF  Request finished HTTP/2 GET https://localhost:7270/_framework/aspnetcore-browser-refresh.js - - - 200 11996 application/javascript;+charset=utf-8 37.1443ms
2023-07-11 01:06:29.409 +03:00  INF  Request finished HTTP/2 GET https://localhost:7270/_vs/browserLink - - - 200 - text/javascript;+charset=UTF-8 63.4899ms
2023-07-11 01:06:29.518 +03:00  INF  Request starting HTTP/2 GET https://localhost:7270/swagger/v1/swagger.json - -
2023-07-11 01:06:29.609 +03:00  INF  Request finished HTTP/2 GET https://localhost:7270/swagger/v1/swagger.json - - - 200 - application/json;charset=utf-8 91.0520ms
2023-07-11 01:06:51.708 +03:00  INF  Request starting HTTP/1.1 POST https://localhost:7270/api/Product multipart/form-data;+boundary=--------------------------032986878512820467631374 550
2023-07-11 01:06:51.714 +03:00  INF  Executing endpoint 'Sender.WebAPI.Controllers.ProductController.GetTsoftProducts (Sender.WebAPI)'
2023-07-11 01:06:51.737 +03:00  INF  Route matched with {action = "GetTsoftProducts", controller = "Product"}. Executing controller action with signature System.Collections.Generic.IAsyncEnumerable`1[System.Object] GetTsoftProducts(Sender.Core.Models.ApiModels.SiteUser) on controller Sender.WebAPI.Controllers.ProductController (Sender.WebAPI).
2023-07-11 01:07:00.831 +03:00  ERR  An unhandled exception occurred.System.ArgumentException: https://arge-talhabuyukkose.1isimcom has fault
   at Sender.Infrastructure.Services.ActionFilter.CustomActionFilter.OnActionExecuting(ActionExecutingContext context) in C:\Users\talha\OneDrive\Desktop\VisualStudio\Web\Sender\src\Libraries\Sender.Infrastructure\Services\ActionFilter\CustomActionFilter.cs:line 41
   at Microsoft.AspNetCore.Mvc.Infrastructure.ControllerActionInvoker.Next(State& next, Scope& scope, Object& state, Boolean& isCompleted)
   at Microsoft.AspNetCore.Mvc.Infrastructure.ControllerActionInvoker.InvokeNextActionFilterAsync()
--- End of stack trace from previous location ---
   at Microsoft.AspNetCore.Mvc.Infrastructure.ControllerActionInvoker.Rethrow(ActionExecutedContextSealed context)
   at Microsoft.AspNetCore.Mvc.Infrastructure.ControllerActionInvoker.Next(State& next, Scope& scope, Object& state, Boolean& isCompleted)
   at Microsoft.AspNetCore.Mvc.Infrastructure.ControllerActionInvoker.InvokeInnerFilterAsync()
--- End of stack trace from previous location ---
   at Microsoft.AspNetCore.Mvc.Infrastructure.ResourceInvoker.<InvokeNextExceptionFilterAsync>g__Awaited|26_0(ResourceInvoker invoker, Task lastTask, State next, Scope scope, Object state, Boolean isCompleted)

2023-07-11 01:07:00.861 +03:00  INF  Executing ObjectResult, writing value of type 'Microsoft.AspNetCore.Mvc.ProblemDetails'.
2023-07-11 01:07:00.868 +03:00  INF  Executed action Sender.WebAPI.Controllers.ProductController.GetTsoftProducts (Sender.WebAPI) in 9128.6989ms
2023-07-11 01:07:00.870 +03:00  INF  Executed endpoint 'Sender.WebAPI.Controllers.ProductController.GetTsoftProducts (Sender.WebAPI)'
2023-07-11 01:07:00.870 +03:00  INF  Request finished HTTP/1.1 POST https://localhost:7270/api/Product multipart/form-data;+boundary=--------------------------032986878512820467631374 550 - 500 - application/problem+json;+charset=utf-8 9161.7333ms
2023-07-11 01:07:11.484 +03:00  INF  Request starting HTTP/1.1 POST https://localhost:7270/api/Product multipart/form-data;+boundary=--------------------------818214523594777186975196 550
2023-07-11 01:07:11.485 +03:00  INF  Executing endpoint 'Sender.WebAPI.Controllers.ProductController.GetTsoftProducts (Sender.WebAPI)'
2023-07-11 01:07:11.485 +03:00  INF  Route matched with {action = "GetTsoftProducts", controller = "Product"}. Executing controller action with signature System.Collections.Generic.IAsyncEnumerable`1[System.Object] GetTsoftProducts(Sender.Core.Models.ApiModels.SiteUser) on controller Sender.WebAPI.Controllers.ProductController (Sender.WebAPI).
2023-07-11 01:07:35.437 +03:00  ERR  An unhandled exception occurred.System.ArgumentException: https://arge-talhabuyukkose.1isimcom has fault
   at Sender.Infrastructure.Services.ActionFilter.CustomActionFilter.OnActionExecuting(ActionExecutingContext context)
   at Microsoft.AspNetCore.Mvc.Infrastructure.ControllerActionInvoker.Next(State& next, Scope& scope, Object& state, Boolean& isCompleted)
   at Microsoft.AspNetCore.Mvc.Infrastructure.ControllerActionInvoker.InvokeNextActionFilterAsync()
--- End of stack trace from previous location ---
   at Microsoft.AspNetCore.Mvc.Infrastructure.ControllerActionInvoker.Rethrow(ActionExecutedContextSealed context)
   at Microsoft.AspNetCore.Mvc.Infrastructure.ControllerActionInvoker.Next(State& next, Scope& scope, Object& state, Boolean& isCompleted)
   at Microsoft.AspNetCore.Mvc.Infrastructure.ControllerActionInvoker.InvokeInnerFilterAsync()
--- End of stack trace from previous location ---
   at Microsoft.AspNetCore.Mvc.Infrastructure.ResourceInvoker.<InvokeNextExceptionFilterAsync>g__Awaited|26_0(ResourceInvoker invoker, Task lastTask, State next, Scope scope, Object state, Boolean isCompleted)

2023-07-11 01:07:35.446 +03:00  INF  Executed action Sender.WebAPI.Controllers.ProductController.GetTsoftProducts (Sender.WebAPI) in 23960.4031ms
2023-07-11 01:07:35.447 +03:00  INF  Executed endpoint 'Sender.WebAPI.Controllers.ProductController.GetTsoftProducts (Sender.WebAPI)'
2023-07-11 01:07:35.455 +03:00  ERR  An unhandled exception has occurred while executing the request.System.ArgumentException: https://arge-talhabuyukkose.1isimcom has fault
   at Sender.Infrastructure.Services.ActionFilter.CustomActionFilter.OnActionExecuting(ActionExecutingContext context)
   at Microsoft.AspNetCore.Mvc.Infrastructure.ControllerActionInvoker.Next(State& next, Scope& scope, Object& state, Boolean& isCompleted)
   at Microsoft.AspNetCore.Mvc.Infrastructure.ControllerActionInvoker.InvokeNextActionFilterAsync()
--- End of stack trace from previous location ---
   at Microsoft.AspNetCore.Mvc.Infrastructure.ControllerActionInvoker.Rethrow(ActionExecutedContextSealed context)
   at Microsoft.AspNetCore.Mvc.Infrastructure.ControllerActionInvoker.Next(State& next, Scope& scope, Object& state, Boolean& isCompleted)
   at Microsoft.AspNetCore.Mvc.Infrastructure.ControllerActionInvoker.InvokeInnerFilterAsync()
--- End of stack trace from previous location ---
   at Microsoft.AspNetCore.Mvc.Infrastructure.ResourceInvoker.<InvokeNextExceptionFilterAsync>g__Awaited|26_0(ResourceInvoker invoker, Task lastTask, State next, Scope scope, Object state, Boolean isCompleted)
   at Microsoft.AspNetCore.Mvc.Infrastructure.ResourceInvoker.Rethrow(ExceptionContextSealed context)
   at Microsoft.AspNetCore.Mvc.Infrastructure.ResourceInvoker.Next(State& next, Scope& scope, Object& state, Boolean& isCompleted)
   at Microsoft.AspNetCore.Mvc.Infrastructure.ResourceInvoker.InvokeFilterPipelineAsync()
--- End of stack trace from previous location ---
   at Microsoft.AspNetCore.Mvc.Infrastructure.ResourceInvoker.<InvokeAsync>g__Logged|17_1(ResourceInvoker invoker)
   at Microsoft.AspNetCore.Mvc.Infrastructure.ResourceInvoker.<InvokeAsync>g__Logged|17_1(ResourceInvoker invoker)
   at Microsoft.AspNetCore.Routing.EndpointMiddleware.<Invoke>g__AwaitRequestTask|6_0(Endpoint endpoint, Task requestTask, ILogger logger)
   at Microsoft.AspNetCore.Authorization.AuthorizationMiddleware.Invoke(HttpContext context)
   at Swashbuckle.AspNetCore.SwaggerUI.SwaggerUIMiddleware.Invoke(HttpContext httpContext)
   at Swashbuckle.AspNetCore.Swagger.SwaggerMiddleware.Invoke(HttpContext httpContext, ISwaggerProvider swaggerProvider)
   at Microsoft.AspNetCore.Authentication.AuthenticationMiddleware.Invoke(HttpContext context)
   at Microsoft.AspNetCore.Diagnostics.DeveloperExceptionPageMiddlewareImpl.Invoke(HttpContext context)

2023-07-11 01:07:35.459 +03:00  INF  Request finished HTTP/1.1 POST https://localhost:7270/api/Product multipart/form-data;+boundary=--------------------------818214523594777186975196 550 - 500 - text/plain;+charset=utf-8 23975.3841ms
2023-07-11 01:07:36.431 +03:00  INF  Request starting HTTP/2 GET https://localhost:7270/swagger/index.html - -
2023-07-11 01:07:36.463 +03:00  INF  Request finished HTTP/2 GET https://localhost:7270/swagger/index.html - - - 200 - text/html;charset=utf-8 32.4760ms
2023-07-11 01:07:36.522 +03:00  INF  Request starting HTTP/2 GET https://localhost:7270/_framework/aspnetcore-browser-refresh.js - -
2023-07-11 01:07:36.525 +03:00  INF  Request starting HTTP/2 GET https://localhost:7270/_vs/browserLink - -
2023-07-11 01:07:36.534 +03:00  INF  Request finished HTTP/2 GET https://localhost:7270/_framework/aspnetcore-browser-refresh.js - - - 200 11996 application/javascript;+charset=utf-8 11.5488ms
2023-07-11 01:07:36.573 +03:00  INF  Request finished HTTP/2 GET https://localhost:7270/_vs/browserLink - - - 200 - text/javascript;+charset=UTF-8 48.2132ms
2023-07-11 01:07:36.653 +03:00  INF  Request starting HTTP/2 GET https://localhost:7270/swagger/v1/swagger.json - -
2023-07-11 01:07:36.659 +03:00  INF  Request finished HTTP/2 GET https://localhost:7270/swagger/v1/swagger.json - - - 200 - application/json;charset=utf-8 5.8765ms
2023-07-11 01:12:01.646 +03:00  INF  Now listening on: https://localhost:7270
2023-07-11 01:12:01.674 +03:00  INF  Now listening on: http://localhost:5027
2023-07-11 01:12:01.677 +03:00  INF  Application started. Press Ctrl+C to shut down.
2023-07-11 01:12:01.677 +03:00  INF  Hosting environment: Development
2023-07-11 01:12:01.678 +03:00  INF  Content root path: C:\Users\talha\OneDrive\Desktop\VisualStudio\Web\Sender\src\Presentation\Sender.WebAPI
2023-07-11 01:12:02.431 +03:00  INF  Request starting HTTP/2 GET https://localhost:7270/swagger/index.html - -
2023-07-11 01:12:02.674 +03:00  INF  Request finished HTTP/2 GET https://localhost:7270/swagger/index.html - - - 200 - text/html;charset=utf-8 243.6406ms
2023-07-11 01:12:02.681 +03:00  INF  Request starting HTTP/2 GET https://localhost:7270/_framework/aspnetcore-browser-refresh.js - -
2023-07-11 01:12:02.681 +03:00  INF  Request starting HTTP/2 GET https://localhost:7270/_vs/browserLink - -
2023-07-11 01:12:02.701 +03:00  INF  Request finished HTTP/2 GET https://localhost:7270/_framework/aspnetcore-browser-refresh.js - - - 200 11996 application/javascript;+charset=utf-8 19.5263ms
2023-07-11 01:12:02.725 +03:00  INF  Request finished HTTP/2 GET https://localhost:7270/_vs/browserLink - - - 200 - text/javascript;+charset=UTF-8 44.2460ms
2023-07-11 01:12:02.840 +03:00  INF  Request starting HTTP/2 GET https://localhost:7270/swagger/v1/swagger.json - -
2023-07-11 01:12:02.952 +03:00  INF  Request finished HTTP/2 GET https://localhost:7270/swagger/v1/swagger.json - - - 200 - application/json;charset=utf-8 111.9304ms
2023-07-11 01:12:04.811 +03:00  INF  Request starting HTTP/1.1 POST https://localhost:7270/api/Product multipart/form-data;+boundary=--------------------------097252091517863044769018 550
2023-07-11 01:12:04.818 +03:00  INF  Executing endpoint 'Sender.WebAPI.Controllers.ProductController.GetTsoftProducts (Sender.WebAPI)'
2023-07-11 01:12:04.837 +03:00  INF  Route matched with {action = "GetTsoftProducts", controller = "Product"}. Executing controller action with signature System.Collections.Generic.IAsyncEnumerable`1[System.Object] GetTsoftProducts(Sender.Core.Models.ApiModels.SiteUser) on controller Sender.WebAPI.Controllers.ProductController (Sender.WebAPI).
2023-07-11 01:12:08.508 +03:00  ERR  An unhandled exception occurred.System.ArgumentException: https://arge-talhabuyukkose.1isimcom has fault
   at Sender.Infrastructure.Services.ActionFilter.CustomActionFilter.OnActionExecuting(ActionExecutingContext context) in C:\Users\talha\OneDrive\Desktop\VisualStudio\Web\Sender\src\Libraries\Sender.Infrastructure\Services\ActionFilter\CustomActionFilter.cs:line 41
   at Microsoft.AspNetCore.Mvc.Infrastructure.ControllerActionInvoker.Next(State& next, Scope& scope, Object& state, Boolean& isCompleted)
   at Microsoft.AspNetCore.Mvc.Infrastructure.ControllerActionInvoker.InvokeNextActionFilterAsync()
--- End of stack trace from previous location ---
   at Microsoft.AspNetCore.Mvc.Infrastructure.ControllerActionInvoker.Rethrow(ActionExecutedContextSealed context)
   at Microsoft.AspNetCore.Mvc.Infrastructure.ControllerActionInvoker.Next(State& next, Scope& scope, Object& state, Boolean& isCompleted)
   at Microsoft.AspNetCore.Mvc.Infrastructure.ControllerActionInvoker.InvokeInnerFilterAsync()
--- End of stack trace from previous location ---
   at Microsoft.AspNetCore.Mvc.Infrastructure.ResourceInvoker.<InvokeNextExceptionFilterAsync>g__Awaited|26_0(ResourceInvoker invoker, Task lastTask, State next, Scope scope, Object state, Boolean isCompleted)

2023-07-11 01:12:08.538 +03:00  INF  Executing ObjectResult, writing value of type 'System.ArgumentException'.
2023-07-11 01:12:08.561 +03:00  INF  Executed action Sender.WebAPI.Controllers.ProductController.GetTsoftProducts (Sender.WebAPI) in 3720.4989ms
2023-07-11 01:12:08.563 +03:00  INF  Executed endpoint 'Sender.WebAPI.Controllers.ProductController.GetTsoftProducts (Sender.WebAPI)'
2023-07-11 01:12:08.566 +03:00  ERR  An unhandled exception has occurred while executing the request.System.NotSupportedException: Serialization and deserialization of 'System.Reflection.MethodBase' instances are not supported. Path: $.TargetSite.
 ---> System.NotSupportedException: Serialization and deserialization of 'System.Reflection.MethodBase' instances are not supported.
   at System.Text.Json.Serialization.Converters.UnsupportedTypeConverter`1.Write(Utf8JsonWriter writer, T value, JsonSerializerOptions options)
   at System.Text.Json.Serialization.JsonConverter`1.TryWrite(Utf8JsonWriter writer, T& value, JsonSerializerOptions options, WriteStack& state)
   at System.Text.Json.Serialization.Metadata.JsonPropertyInfo`1.GetMemberAndWriteJson(Object obj, WriteStack& state, Utf8JsonWriter writer)
   at System.Text.Json.Serialization.Converters.ObjectDefaultConverter`1.OnTryWrite(Utf8JsonWriter writer, T value, JsonSerializerOptions options, WriteStack& state)
   at System.Text.Json.Serialization.JsonConverter`1.TryWrite(Utf8JsonWriter writer, T& value, JsonSerializerOptions options, WriteStack& state)
   at System.Text.Json.Serialization.JsonConverter`1.WriteCore(Utf8JsonWriter writer, T& value, JsonSerializerOptions options, WriteStack& state)
   --- End of inner exception stack trace ---
   at System.Text.Json.ThrowHelper.ThrowNotSupportedException(WriteStack& state, NotSupportedException ex)
   at System.Text.Json.Serialization.JsonConverter`1.WriteCore(Utf8JsonWriter writer, T& value, JsonSerializerOptions options, WriteStack& state)
   at System.Text.Json.Serialization.JsonConverter`1.WriteCoreAsObject(Utf8JsonWriter writer, Object value, JsonSerializerOptions options, WriteStack& state)
   at System.Text.Json.JsonSerializer.WriteCore[TValue](Utf8JsonWriter writer, TValue& value, JsonTypeInfo jsonTypeInfo, WriteStack& state)
   at System.Text.Json.JsonSerializer.WriteStreamAsync[TValue](Stream utf8Json, TValue value, JsonTypeInfo jsonTypeInfo, CancellationToken cancellationToken)
   at System.Text.Json.JsonSerializer.WriteStreamAsync[TValue](Stream utf8Json, TValue value, JsonTypeInfo jsonTypeInfo, CancellationToken cancellationToken)
   at System.Text.Json.JsonSerializer.WriteStreamAsync[TValue](Stream utf8Json, TValue value, JsonTypeInfo jsonTypeInfo, CancellationToken cancellationToken)
   at Microsoft.AspNetCore.Mvc.Formatters.SystemTextJsonOutputFormatter.WriteResponseBodyAsync(OutputFormatterWriteContext context, Encoding selectedEncoding)
   at Microsoft.AspNetCore.Mvc.Infrastructure.ResourceInvoker.<InvokeNextResultFilterAsync>g__Awaited|30_0[TFilter,TFilterAsync](ResourceInvoker invoker, Task lastTask, State next, Scope scope, Object state, Boolean isCompleted)
   at Microsoft.AspNetCore.Mvc.Infrastructure.ResourceInvoker.Rethrow(ResultExecutedContextSealed context)
   at Microsoft.AspNetCore.Mvc.Infrastructure.ResourceInvoker.ResultNext[TFilter,TFilterAsync](State& next, Scope& scope, Object& state, Boolean& isCompleted)
   at Microsoft.AspNetCore.Mvc.Infrastructure.ResourceInvoker.InvokeAlwaysRunResultFilters()
--- End of stack trace from previous location ---
   at Microsoft.AspNetCore.Mvc.Infrastructure.ResourceInvoker.<InvokeFilterPipelineAsync>g__Awaited|20_0(ResourceInvoker invoker, Task lastTask, State next, Scope scope, Object state, Boolean isCompleted)
   at Microsoft.AspNetCore.Mvc.Infrastructure.ResourceInvoker.<InvokeAsync>g__Logged|17_1(ResourceInvoker invoker)
   at Microsoft.AspNetCore.Mvc.Infrastructure.ResourceInvoker.<InvokeAsync>g__Logged|17_1(ResourceInvoker invoker)
   at Microsoft.AspNetCore.Routing.EndpointMiddleware.<Invoke>g__AwaitRequestTask|6_0(Endpoint endpoint, Task requestTask, ILogger logger)
   at Microsoft.AspNetCore.Authorization.AuthorizationMiddleware.Invoke(HttpContext context)
   at Swashbuckle.AspNetCore.SwaggerUI.SwaggerUIMiddleware.Invoke(HttpContext httpContext)
   at Swashbuckle.AspNetCore.Swagger.SwaggerMiddleware.Invoke(HttpContext httpContext, ISwaggerProvider swaggerProvider)
   at Microsoft.AspNetCore.Authentication.AuthenticationMiddleware.Invoke(HttpContext context)
   at Microsoft.AspNetCore.Diagnostics.DeveloperExceptionPageMiddlewareImpl.Invoke(HttpContext context)

2023-07-11 01:12:08.573 +03:00  INF  Request finished HTTP/1.1 POST https://localhost:7270/api/Product multipart/form-data;+boundary=--------------------------097252091517863044769018 550 - 500 - text/plain;+charset=utf-8 3761.8125ms
2023-07-11 01:12:16.616 +03:00  INF  Request starting HTTP/1.1 POST https://localhost:7270/api/Product multipart/form-data;+boundary=--------------------------676509265432654118253101 550
2023-07-11 01:12:16.617 +03:00  INF  Executing endpoint 'Sender.WebAPI.Controllers.ProductController.GetTsoftProducts (Sender.WebAPI)'
2023-07-11 01:12:16.617 +03:00  INF  Route matched with {action = "GetTsoftProducts", controller = "Product"}. Executing controller action with signature System.Collections.Generic.IAsyncEnumerable`1[System.Object] GetTsoftProducts(Sender.Core.Models.ApiModels.SiteUser) on controller Sender.WebAPI.Controllers.ProductController (Sender.WebAPI).
2023-07-11 01:12:23.619 +03:00  ERR  An unhandled exception occurred.System.ArgumentException: https://arge-talhabuyukkose.1isimcom has fault
   at Sender.Infrastructure.Services.ActionFilter.CustomActionFilter.OnActionExecuting(ActionExecutingContext context) in C:\Users\talha\OneDrive\Desktop\VisualStudio\Web\Sender\src\Libraries\Sender.Infrastructure\Services\ActionFilter\CustomActionFilter.cs:line 41
   at Microsoft.AspNetCore.Mvc.Infrastructure.ControllerActionInvoker.Next(State& next, Scope& scope, Object& state, Boolean& isCompleted)
   at Microsoft.AspNetCore.Mvc.Infrastructure.ControllerActionInvoker.InvokeNextActionFilterAsync()
--- End of stack trace from previous location ---
   at Microsoft.AspNetCore.Mvc.Infrastructure.ControllerActionInvoker.Rethrow(ActionExecutedContextSealed context)
   at Microsoft.AspNetCore.Mvc.Infrastructure.ControllerActionInvoker.Next(State& next, Scope& scope, Object& state, Boolean& isCompleted)
   at Microsoft.AspNetCore.Mvc.Infrastructure.ControllerActionInvoker.InvokeInnerFilterAsync()
--- End of stack trace from previous location ---
   at Microsoft.AspNetCore.Mvc.Infrastructure.ResourceInvoker.<InvokeNextExceptionFilterAsync>g__Awaited|26_0(ResourceInvoker invoker, Task lastTask, State next, Scope scope, Object state, Boolean isCompleted)

2023-07-11 01:12:36.361 +03:00  INF  Executing ObjectResult, writing value of type 'System.ArgumentException'.
2023-07-11 01:12:36.365 +03:00  INF  Executed action Sender.WebAPI.Controllers.ProductController.GetTsoftProducts (Sender.WebAPI) in 19747.7197ms
2023-07-11 01:12:36.368 +03:00  INF  Executed endpoint 'Sender.WebAPI.Controllers.ProductController.GetTsoftProducts (Sender.WebAPI)'
2023-07-11 01:12:36.375 +03:00  ERR  An unhandled exception has occurred while executing the request.System.NotSupportedException: Serialization and deserialization of 'System.Reflection.MethodBase' instances are not supported. Path: $.TargetSite.
 ---> System.NotSupportedException: Serialization and deserialization of 'System.Reflection.MethodBase' instances are not supported.
   at System.Text.Json.Serialization.Converters.UnsupportedTypeConverter`1.Write(Utf8JsonWriter writer, T value, JsonSerializerOptions options)
   at System.Text.Json.Serialization.JsonConverter`1.TryWrite(Utf8JsonWriter writer, T& value, JsonSerializerOptions options, WriteStack& state)
   at System.Text.Json.Serialization.Metadata.JsonPropertyInfo`1.GetMemberAndWriteJson(Object obj, WriteStack& state, Utf8JsonWriter writer)
   at System.Text.Json.Serialization.Converters.ObjectDefaultConverter`1.OnTryWrite(Utf8JsonWriter writer, T value, JsonSerializerOptions options, WriteStack& state)
   at System.Text.Json.Serialization.JsonConverter`1.TryWrite(Utf8JsonWriter writer, T& value, JsonSerializerOptions options, WriteStack& state)
   at System.Text.Json.Serialization.JsonConverter`1.WriteCore(Utf8JsonWriter writer, T& value, JsonSerializerOptions options, WriteStack& state)
   --- End of inner exception stack trace ---
   at System.Text.Json.ThrowHelper.ThrowNotSupportedException(WriteStack& state, NotSupportedException ex)
   at System.Text.Json.Serialization.JsonConverter`1.WriteCore(Utf8JsonWriter writer, T& value, JsonSerializerOptions options, WriteStack& state)
   at System.Text.Json.Serialization.JsonConverter`1.WriteCoreAsObject(Utf8JsonWriter writer, Object value, JsonSerializerOptions options, WriteStack& state)
   at System.Text.Json.JsonSerializer.WriteCore[TValue](Utf8JsonWriter writer, TValue& value, JsonTypeInfo jsonTypeInfo, WriteStack& state)
   at System.Text.Json.JsonSerializer.WriteStreamAsync[TValue](Stream utf8Json, TValue value, JsonTypeInfo jsonTypeInfo, CancellationToken cancellationToken)
   at System.Text.Json.JsonSerializer.WriteStreamAsync[TValue](Stream utf8Json, TValue value, JsonTypeInfo jsonTypeInfo, CancellationToken cancellationToken)
   at System.Text.Json.JsonSerializer.WriteStreamAsync[TValue](Stream utf8Json, TValue value, JsonTypeInfo jsonTypeInfo, CancellationToken cancellationToken)
   at Microsoft.AspNetCore.Mvc.Formatters.SystemTextJsonOutputFormatter.WriteResponseBodyAsync(OutputFormatterWriteContext context, Encoding selectedEncoding)
   at Microsoft.AspNetCore.Mvc.Infrastructure.ResourceInvoker.<InvokeNextResultFilterAsync>g__Awaited|30_0[TFilter,TFilterAsync](ResourceInvoker invoker, Task lastTask, State next, Scope scope, Object state, Boolean isCompleted)
   at Microsoft.AspNetCore.Mvc.Infrastructure.ResourceInvoker.Rethrow(ResultExecutedContextSealed context)
   at Microsoft.AspNetCore.Mvc.Infrastructure.ResourceInvoker.ResultNext[TFilter,TFilterAsync](State& next, Scope& scope, Object& state, Boolean& isCompleted)
   at Microsoft.AspNetCore.Mvc.Infrastructure.ResourceInvoker.InvokeAlwaysRunResultFilters()
--- End of stack trace from previous location ---
   at Microsoft.AspNetCore.Mvc.Infrastructure.ResourceInvoker.<InvokeFilterPipelineAsync>g__Awaited|20_0(ResourceInvoker invoker, Task lastTask, State next, Scope scope, Object state, Boolean isCompleted)
   at Microsoft.AspNetCore.Mvc.Infrastructure.ResourceInvoker.<InvokeAsync>g__Logged|17_1(ResourceInvoker invoker)
   at Microsoft.AspNetCore.Mvc.Infrastructure.ResourceInvoker.<InvokeAsync>g__Logged|17_1(ResourceInvoker invoker)
   at Microsoft.AspNetCore.Routing.EndpointMiddleware.<Invoke>g__AwaitRequestTask|6_0(Endpoint endpoint, Task requestTask, ILogger logger)
   at Microsoft.AspNetCore.Authorization.AuthorizationMiddleware.Invoke(HttpContext context)
   at Swashbuckle.AspNetCore.SwaggerUI.SwaggerUIMiddleware.Invoke(HttpContext httpContext)
   at Swashbuckle.AspNetCore.Swagger.SwaggerMiddleware.Invoke(HttpContext httpContext, ISwaggerProvider swaggerProvider)
   at Microsoft.AspNetCore.Authentication.AuthenticationMiddleware.Invoke(HttpContext context)
   at Microsoft.AspNetCore.Diagnostics.DeveloperExceptionPageMiddlewareImpl.Invoke(HttpContext context)

2023-07-11 01:12:36.377 +03:00  INF  Request finished HTTP/1.1 POST https://localhost:7270/api/Product multipart/form-data;+boundary=--------------------------676509265432654118253101 550 - 500 - text/plain;+charset=utf-8 19761.0386ms
2023-07-11 01:14:05.394 +03:00  INF  Now listening on: https://localhost:7270
2023-07-11 01:14:05.421 +03:00  INF  Now listening on: http://localhost:5027
2023-07-11 01:14:05.423 +03:00  INF  Application started. Press Ctrl+C to shut down.
2023-07-11 01:14:05.423 +03:00  INF  Hosting environment: Development
2023-07-11 01:14:05.423 +03:00  INF  Content root path: C:\Users\talha\OneDrive\Desktop\VisualStudio\Web\Sender\src\Presentation\Sender.WebAPI
2023-07-11 01:14:05.958 +03:00  INF  Request starting HTTP/2 GET https://localhost:7270/swagger/index.html - -
2023-07-11 01:14:06.242 +03:00  INF  Request finished HTTP/2 GET https://localhost:7270/swagger/index.html - - - 200 - text/html;charset=utf-8 286.8171ms
2023-07-11 01:14:06.247 +03:00  INF  Request starting HTTP/2 GET https://localhost:7270/_vs/browserLink - -
2023-07-11 01:14:06.247 +03:00  INF  Request starting HTTP/2 GET https://localhost:7270/_framework/aspnetcore-browser-refresh.js - -
2023-07-11 01:14:06.260 +03:00  INF  Request finished HTTP/2 GET https://localhost:7270/_framework/aspnetcore-browser-refresh.js - - - 200 11996 application/javascript;+charset=utf-8 12.7394ms
2023-07-11 01:14:06.287 +03:00  INF  Request finished HTTP/2 GET https://localhost:7270/_vs/browserLink - - - 200 - text/javascript;+charset=UTF-8 39.8771ms
2023-07-11 01:14:06.422 +03:00  INF  Request starting HTTP/2 GET https://localhost:7270/swagger/v1/swagger.json - -
2023-07-11 01:14:06.542 +03:00  INF  Request finished HTTP/2 GET https://localhost:7270/swagger/v1/swagger.json - - - 200 - application/json;charset=utf-8 120.6534ms
2023-07-11 01:14:08.095 +03:00  INF  Request starting HTTP/1.1 POST https://localhost:7270/api/Product multipart/form-data;+boundary=--------------------------971598593715063400296379 550
2023-07-11 01:14:08.105 +03:00  INF  Executing endpoint 'Sender.WebAPI.Controllers.ProductController.GetTsoftProducts (Sender.WebAPI)'
2023-07-11 01:14:08.126 +03:00  INF  Route matched with {action = "GetTsoftProducts", controller = "Product"}. Executing controller action with signature System.Collections.Generic.IAsyncEnumerable`1[System.Object] GetTsoftProducts(Sender.Core.Models.ApiModels.SiteUser) on controller Sender.WebAPI.Controllers.ProductController (Sender.WebAPI).
2023-07-11 01:14:13.016 +03:00  ERR  An unhandled exception occurred.System.ArgumentException: https://arge-talhabuyukkose.1isimcom has fault
   at Sender.Infrastructure.Services.ActionFilter.CustomActionFilter.OnActionExecuting(ActionExecutingContext context) in C:\Users\talha\OneDrive\Desktop\VisualStudio\Web\Sender\src\Libraries\Sender.Infrastructure\Services\ActionFilter\CustomActionFilter.cs:line 41
   at Microsoft.AspNetCore.Mvc.Infrastructure.ControllerActionInvoker.Next(State& next, Scope& scope, Object& state, Boolean& isCompleted)
   at Microsoft.AspNetCore.Mvc.Infrastructure.ControllerActionInvoker.InvokeNextActionFilterAsync()
--- End of stack trace from previous location ---
   at Microsoft.AspNetCore.Mvc.Infrastructure.ControllerActionInvoker.Rethrow(ActionExecutedContextSealed context)
   at Microsoft.AspNetCore.Mvc.Infrastructure.ControllerActionInvoker.Next(State& next, Scope& scope, Object& state, Boolean& isCompleted)
   at Microsoft.AspNetCore.Mvc.Infrastructure.ControllerActionInvoker.InvokeInnerFilterAsync()
--- End of stack trace from previous location ---
   at Microsoft.AspNetCore.Mvc.Infrastructure.ResourceInvoker.<InvokeNextExceptionFilterAsync>g__Awaited|26_0(ResourceInvoker invoker, Task lastTask, State next, Scope scope, Object state, Boolean isCompleted)

2023-07-11 01:14:16.607 +03:00  INF  Executing ObjectResult, writing value of type 'System.String'.
2023-07-11 01:14:16.614 +03:00  INF  Executed action Sender.WebAPI.Controllers.ProductController.GetTsoftProducts (Sender.WebAPI) in 8485.04ms
2023-07-11 01:14:16.616 +03:00  INF  Executed endpoint 'Sender.WebAPI.Controllers.ProductController.GetTsoftProducts (Sender.WebAPI)'
2023-07-11 01:14:16.616 +03:00  INF  Request finished HTTP/1.1 POST https://localhost:7270/api/Product multipart/form-data;+boundary=--------------------------971598593715063400296379 550 - 400 - text/plain;+charset=utf-8 8521.1763ms
